<?xml version="1.0" encoding="UTF-8"?>
<!-- Generated by org.testng.reporters.JUnitReportReporter -->
<testsuite hostname="DESKTOP-GTA4HK7" failures="0" tests="1" name="Tests.TestHerokuApp" time="5.584" errors="0" timestamp="02 ago. 2023 02:01:06 GMT" skipped="0">
  <testcase classname="Tests.TestHerokuApp" name="testHerokuApp2" time="5.584"/>
</testsuite> <!-- Tests.TestHerokuApp -->
