<?xml version="1.0" encoding="UTF-8"?>
<!-- Generated by org.testng.reporters.JUnitReportReporter -->
<testsuite hostname="DESKTOP-GTA4HK7" failures="0" tests="1" name="Tests.TestHerokuApp" time="5.713" errors="0" timestamp="2023-08-01T20:44:04 CDT" skipped="0">
  <testcase classname="Tests.TestHerokuApp" name="testHerokuApp2" time="5.713"/>
  <system-out/>
</testsuite> <!-- Tests.TestHerokuApp -->
